#! /c/Source/iverilog-install/bin/vvp
:ivl_version "12.0 (devel)" "(s20150603-1539-g2693dd32b)";
:ivl_delay_selection "TYPICAL";
:vpi_time_precision + 0;
:vpi_module "C:\iverilog\lib\ivl\system.vpi";
:vpi_module "C:\iverilog\lib\ivl\vhdl_sys.vpi";
:vpi_module "C:\iverilog\lib\ivl\vhdl_textio.vpi";
:vpi_module "C:\iverilog\lib\ivl\v2005_math.vpi";
:vpi_module "C:\iverilog\lib\ivl\va_math.vpi";
S_000001d6afffbcb0 .scope module, "t_flip_flop_behavioral_tb" "t_flip_flop_behavioral_tb" 2 1;
 .timescale 0 0;
v000001d6afe42830_0 .var "clk", 0 0;
v000001d6afe428d0_0 .net "q", 0 0, v000001d6afe75ce0_0;  1 drivers
v000001d6afe42970_0 .var "rst", 0 0;
v000001d6afe42a10_0 .var "t", 0 0;
S_000001d6afe75ab0 .scope module, "dut" "t_flip_flop_behavioral" 2 5, 3 1 0, S_000001d6afffbcb0;
 .timescale 0 0;
    .port_info 0 /INPUT 1 "clk";
    .port_info 1 /INPUT 1 "rst";
    .port_info 2 /INPUT 1 "t";
    .port_info 3 /OUTPUT 1 "q";
v000001d6afe75c40_0 .net "clk", 0 0, v000001d6afe42830_0;  1 drivers
v000001d6afe75ce0_0 .var "q", 0 0;
v000001d6afe75d80_0 .net "rst", 0 0, v000001d6afe42970_0;  1 drivers
v000001d6afe75e20_0 .net "t", 0 0, v000001d6afe42a10_0;  1 drivers
E_000001d6afe661d0 .event posedge, v000001d6afe75d80_0, v000001d6afe75c40_0;
    .scope S_000001d6afe75ab0;
T_0 ;
    %wait E_000001d6afe661d0;
    %load/vec4 v000001d6afe75d80_0;
    %flag_set/vec4 8;
    %jmp/0xz  T_0.0, 8;
    %pushi/vec4 0, 0, 1;
    %assign/vec4 v000001d6afe75ce0_0, 0;
    %jmp T_0.1;
T_0.0 ;
    %load/vec4 v000001d6afe75e20_0;
    %flag_set/vec4 8;
    %jmp/0xz  T_0.2, 8;
    %load/vec4 v000001d6afe75ce0_0;
    %inv;
    %assign/vec4 v000001d6afe75ce0_0, 0;
    %jmp T_0.3;
T_0.2 ;
    %load/vec4 v000001d6afe75ce0_0;
    %assign/vec4 v000001d6afe75ce0_0, 0;
T_0.3 ;
T_0.1 ;
    %jmp T_0;
    .thread T_0;
    .scope S_000001d6afffbcb0;
T_1 ;
    %pushi/vec4 0, 0, 1;
    %store/vec4 v000001d6afe42830_0, 0, 1;
T_1.0 ;
    %delay 1, 0;
    %load/vec4 v000001d6afe42830_0;
    %inv;
    %store/vec4 v000001d6afe42830_0, 0, 1;
    %jmp T_1.0;
    %end;
    .thread T_1;
    .scope S_000001d6afffbcb0;
T_2 ;
    %vpi_call 2 13 "$monitor", "time=%0t clk=%b rst=%b t=%b q=%b", $time, v000001d6afe42830_0, v000001d6afe42970_0, v000001d6afe42a10_0, v000001d6afe428d0_0 {0 0 0};
    %pushi/vec4 1, 0, 1;
    %store/vec4 v000001d6afe42970_0, 0, 1;
    %pushi/vec4 0, 0, 1;
    %store/vec4 v000001d6afe42a10_0, 0, 1;
    %delay 3, 0;
    %pushi/vec4 0, 0, 1;
    %store/vec4 v000001d6afe42970_0, 0, 1;
    %pushi/vec4 1, 0, 1;
    %store/vec4 v000001d6afe42a10_0, 0, 1;
    %delay 6, 0;
    %pushi/vec4 0, 0, 1;
    %store/vec4 v000001d6afe42a10_0, 0, 1;
    %delay 4, 0;
    %pushi/vec4 1, 0, 1;
    %store/vec4 v000001d6afe42a10_0, 0, 1;
    %delay 6, 0;
    %vpi_call 2 20 "$finish" {0 0 0};
    %end;
    .thread T_2;
    .scope S_000001d6afffbcb0;
T_3 ;
    %vpi_call 2 23 "$dumpfile", "wave.vcd" {0 0 0};
    %vpi_call 2 24 "$dumpvars", 32'sb00000000000000000000000000000000, S_000001d6afffbcb0 {0 0 0};
    %end;
    .thread T_3;
# The file index is used to find the file name in the following table.
:file_names 4;
    "N/A";
    "<interactive>";
    "t_flip_flop_behavioral_tb.v";
    "t_flip_flop_behavioral.v";
